molecule class 'input/molecules/hcho.xyz' initialized
75791 1 [96, 107, 13, 38] 
75792 0 
79718 1 [96, 107, 13, 38] 
79721 0 
79722 1 [96, 107, 13, 38] 
79724 0 
80013 1 [56, 96, 107, 13] 
80018 2 [56, 96, 107, 13] [105, 42, 28, 41] 
80030 1 [56, 96, 107, 13] 
80035 2 [56, 96, 107, 13] [105, 42, 28, 41] 
80057 1 [56, 96, 107, 13] 
80061 2 [56, 96, 107, 13] [105, 42, 28, 41] 
80146 1 [56, 96, 107, 13] 
80152 2 [56, 96, 107, 13] [105, 42, 28, 41] 
80344 1 [56, 96, 107, 13] 
80357 2 [56, 96, 107, 13] [105, 42, 28, 41] 
80375 1 [56, 96, 107, 13] 
80383 2 [56, 96, 107, 13] [105, 42, 28, 41] 
80402 1 [56, 96, 107, 13] 
80411 2 [56, 96, 107, 13] [105, 42, 28, 41] 
83689 1 [105, 42, 28, 41] 
83693 2 [56, 96, 107, 13] [105, 42, 28, 41] 
84159 1 [105, 42, 28, 41] 
84163 2 [56, 96, 107, 13] [105, 42, 28, 41] 
87673 1 [105, 42, 28, 41] 
87705 0 
87713 1 [105, 42, 28, 41] 
87732 0 
87752 1 [105, 42, 28, 41] 
91653 0 
91656 1 [105, 42, 28, 41] 
91689 0 
91826 1 [96, 107, 13, 47] 
91944 0 
92130 1 [96, 107, 13, 47] 
92266 0 
92284 1 [96, 107, 13, 47] 
92301 0 
92319 1 [96, 107, 13, 47] 
95637 0 
95655 1 [96, 107, 13, 47] 
95698 0 
95709 1 [96, 107, 13, 47] 
96000 2 [96, 107, 13, 47] [113, 34, 114, 77] 
99656 1 [96, 107, 13, 47] 
99663 0 
99683 1 [96, 107, 13, 47] 
99697 2 [96, 107, 13, 47] [113, 34, 114, 77] 
100115 1 [96, 107, 13, 47] 
100127 2 [96, 107, 13, 47] [113, 34, 114, 77] 
102165 1 [113, 34, 114, 77] 
102171 2 [96, 107, 13, 47] [113, 34, 114, 77] 
103667 1 [96, 107, 13, 47] 
103683 2 [96, 107, 13, 47] [113, 34, 114, 77] 
103688 1 [96, 107, 13, 47] 
103691 2 [96, 107, 13, 47] [113, 34, 114, 77] 
103712 1 [113, 34, 114, 77] 
103722 2 [96, 107, 13, 47] [113, 34, 114, 77] 
103937 1 [96, 107, 13, 47] 
103941 2 [96, 107, 13, 47] [113, 34, 114, 77] 
105047 1 [96, 107, 13, 47] 
105049 2 [96, 107, 13, 47] [113, 34, 114, 77] 
105071 1 [96, 107, 13, 47] 
105075 2 [96, 107, 13, 47] [113, 34, 114, 77] 
107689 1 [96, 107, 13, 47] 
107724 0 
107729 1 [96, 107, 13, 47] 
108000 2 [96, 107, 13, 47] [113, 34, 114, 77] 
111720 1 [96, 107, 13, 47] 
111721 2 [96, 107, 13, 47] [113, 34, 114, 77] 
112533 3 [112, 105, 42, 6] [96, 107, 13, 47] [113, 34, 114, 77] 
115694 1 [96, 107, 13, 47] 
115715 2 [112, 105, 42, 6] [96, 107, 13, 47] 
115739 1 [96, 107, 13, 47] 
115756 2 [112, 105, 42, 6] [96, 107, 13, 47] 
115759 1 [96, 107, 13, 47] 
115766 2 [112, 105, 42, 6] [96, 107, 13, 47] 
119649 1 [112, 105, 42, 6] 
119661 2 [112, 105, 42, 6] [96, 107, 13, 47] 
119723 0 
120000 2 [112, 105, 42, 6] [96, 107, 13, 47] 
123644 1 [96, 107, 13, 47] 
123654 2 [112, 105, 42, 6] [96, 107, 13, 47] 
123710 1 [96, 107, 13, 47] 
123780 0 
123795 1 [96, 107, 13, 47] 
123819 0 
123826 1 [96, 107, 13, 47] 
123829 2 [112, 105, 42, 6] [96, 107, 13, 47] 
123843 1 [96, 107, 13, 47] 
123857 2 [112, 105, 42, 6] [96, 107, 13, 47] 
123872 1 [96, 107, 13, 47] 
123883 2 [112, 105, 42, 6] [96, 107, 13, 47] 
124045 1 [96, 107, 13, 47] 
124050 2 [112, 105, 42, 6] [96, 107, 13, 47] 
124073 1 [96, 107, 13, 47] 
124075 2 [112, 105, 42, 6] [96, 107, 13, 47] 
124096 1 [96, 107, 13, 47] 
124103 2 [112, 105, 42, 6] [96, 107, 13, 47] 
124147 1 [96, 107, 13, 47] 
124154 2 [112, 105, 42, 6] [96, 107, 13, 47] 
124173 1 [96, 107, 13, 47] 
124183 2 [112, 105, 42, 6] [96, 107, 13, 47] 
124201 1 [96, 107, 13, 47] 
124207 2 [112, 105, 42, 6] [96, 107, 13, 47] 
124226 1 [96, 107, 13, 47] 
124233 2 [112, 105, 42, 6] [96, 107, 13, 47] 
127695 1 [96, 107, 13, 47] 
127718 2 [96, 107, 13, 47] [17, 18, 53, 15] 
127719 1 [17, 18, 53, 15] 
127725 0 
127731 1 [17, 18, 53, 15] 
127742 0 
127746 1 [112, 105, 42, 6] 
127761 2 [112, 105, 42, 6] [17, 18, 53, 15] 
127792 1 [112, 105, 42, 6] 
131681 0 
131702 1 [112, 105, 42, 6] 
132000 1 [32, 96, 107, 47] 
135971 2 [32, 96, 107, 47] [72, 106, 109, 93] 
135975 1 [32, 96, 107, 47] 
139640 0 
235776 1 [17, 35, 52, 105] 
235796 0 
244044 1 [64, 110, 70, 15] 
244062 0 
244082 1 [64, 110, 70, 15] 
244086 0 
247787 1 [17, 35, 52, 105] 
251627 0 
251631 1 [17, 35, 52, 105] 
251646 0 
251667 1 [17, 35, 52, 105] 
251680 0 
251683 1 [17, 35, 52, 105] 
251686 0 
251696 1 [17, 35, 52, 105] 
251698 0 
256091 1 [64, 110, 70, 15] 
256096 0 
256113 1 [64, 110, 70, 15] 
256174 0 
271736 1 [47, 28, 109, 93] 
275648 0 
275661 1 [47, 28, 109, 93] 
275685 0 
275704 1 [47, 28, 109, 93] 
279655 0 
279694 1 [47, 28, 109, 93] 
280133 0 
280138 1 [47, 28, 109, 93] 
280151 0 
280156 1 [47, 28, 109, 93] 
287684 0 
287687 1 [47, 28, 109, 93] 
287691 0 
287701 1 [47, 28, 109, 93] 
287702 0 
288000 1 [47, 28, 109, 93] 
291664 0 
291781 1 [47, 28, 109, 93] 
295663 0 
295664 1 [47, 28, 109, 93] 
295680 0 
295687 1 [47, 28, 109, 93] 
299668 0 
303727 1 [16, 113, 108, 72] 
303739 0 
303756 1 [16, 113, 108, 72] 
303771 0 
307826 1 [64, 110, 70, 15] 
311692 0 
311696 1 [64, 110, 70, 15] 
315695 0 
324000 1 [108, 51, 92, 103] 
324005 0 
336000 1 [56, 99, 46, 55] 
339745 2 [92, 37, 102, 103] [56, 99, 46, 55] 
339746 1 [56, 99, 46, 55] 
343628 0 
343634 1 [56, 99, 46, 55] 
347658 0 
347663 1 [56, 99, 46, 55] 
347743 0 
347749 1 [56, 99, 46, 55] 
351717 0 
351728 1 [56, 99, 46, 55] 
355672 2 [64, 104, 70, 15] [56, 99, 46, 55] 
355677 1 [56, 99, 46, 55] 
355696 2 [64, 104, 70, 15] [56, 99, 46, 55] 
355716 1 [64, 104, 70, 15] 
355721 2 [64, 104, 70, 15] [56, 99, 46, 55] 
358016 1 [56, 99, 46, 55] 
358018 2 [64, 104, 70, 15] [56, 99, 46, 55] 
359670 1 [56, 99, 46, 55] 
359675 2 [64, 104, 70, 15] [56, 99, 46, 55] 
359684 1 [56, 99, 46, 55] 
359701 2 [64, 104, 70, 15] [56, 99, 46, 55] 
363666 1 [56, 99, 46, 55] 
363678 2 [64, 104, 70, 15] [56, 99, 46, 55] 
363682 1 [64, 104, 70, 15] 
363702 2 [64, 104, 70, 15] [56, 99, 46, 55] 
363708 1 [64, 104, 70, 15] 
363802 2 [64, 104, 70, 15] [56, 99, 46, 55] 
363855 1 [64, 104, 70, 15] 
363858 2 [64, 104, 70, 15] [56, 99, 46, 55] 
363956 1 [56, 99, 46, 55] 
363961 2 [64, 104, 70, 15] [56, 99, 46, 55] 
363973 1 [56, 99, 46, 55] 
363979 2 [64, 104, 70, 15] [56, 99, 46, 55] 
368054 1 [64, 104, 70, 15] 
368059 2 [64, 104, 70, 15] [56, 99, 46, 55] 
371621 1 [64, 104, 70, 15] 
371658 2 [64, 104, 70, 15] [56, 99, 46, 55] 
371683 1 [56, 99, 46, 55] 
371688 2 [64, 104, 70, 15] [56, 99, 46, 55] 
371726 1 [56, 99, 46, 55] 
371746 2 [112, 20, 69, 23] [56, 99, 46, 55] 
372000 3 [64, 104, 70, 15] [112, 20, 69, 23] [56, 99, 46, 55] 
372187 2 [64, 104, 70, 15] [112, 20, 69, 23] 
372190 3 [64, 104, 70, 15] [112, 20, 69, 23] [56, 99, 46, 55] 
375688 2 [64, 104, 70, 15] [112, 20, 69, 23] 
375694 3 [64, 104, 70, 15] [112, 20, 69, 23] [56, 99, 46, 55] 
375708 2 [112, 20, 69, 23] [56, 99, 46, 55] 
375731 1 [112, 20, 69, 23] 
375753 2 [64, 104, 70, 15] [112, 20, 69, 23] 
375769 1 [112, 20, 69, 23] 
375824 2 [64, 104, 70, 15] [112, 20, 69, 23] 
375968 1 [112, 20, 69, 23] 
379714 0 
379722 1 [112, 20, 69, 23] 
379730 0 
379744 1 [112, 20, 69, 23] 
385500 2 [112, 20, 69, 23] [114, 99, 46, 55] 
387695 1 [112, 20, 69, 23] 
387698 2 [114, 99, 14, 55] [112, 20, 69, 23] 
387700 1 [112, 20, 69, 23] 
387704 2 [114, 99, 46, 14] [112, 20, 69, 23] 
387710 1 [112, 20, 69, 23] 
387719 0 
387727 1 [112, 58, 20, 69] 
387728 0 
387732 1 [112, 20, 69, 23] 
387850 0 
387851 1 [112, 20, 69, 23] 
388012 0 
388020 1 [112, 20, 69, 23] 
388040 0 
388045 1 [112, 20, 69, 23] 
388066 0 
388073 1 [112, 20, 69, 23] 
391679 0 
391706 1 [112, 20, 69, 23] 
391714 0 
391781 1 [112, 20, 69, 23] 
391795 0 
391811 1 [112, 20, 69, 23] 
391824 0 
391842 1 [112, 20, 69, 23] 
391851 0 
403722 1 [41, 74, 109, 49] 
403756 0 
403768 1 [41, 74, 109, 49] 
403786 0 
403792 1 [41, 74, 109, 49] 
403882 0 
403892 1 [41, 74, 109, 49] 
403910 0 
403919 1 [41, 74, 109, 49] 
403965 0 
403970 1 [41, 74, 109, 49] 
403990 0 
403998 1 [41, 74, 109, 49] 
404016 0 
404021 1 [41, 74, 109, 49] 
404042 0 
404044 1 [41, 74, 109, 49] 
404250 0 
404257 1 [41, 74, 109, 49] 
404278 0 
404282 1 [41, 74, 109, 49] 
404303 0 
404312 1 [41, 74, 109, 49] 
404330 0 
404341 1 [41, 74, 109, 49] 
404358 0 
404371 1 [41, 74, 109, 49] 
75791 1 [96, 107, 13, 38] 
75792 0 
79718 1 [96, 107, 13, 38] 
79721 0 
79722 1 [96, 107, 13, 38] 
79724 0 
80013 1 [56, 96, 107, 13] 
80018 2 [56, 96, 107, 13] [105, 42, 28, 41] 
80030 1 [56, 96, 107, 13] 
80035 2 [56, 96, 107, 13] [105, 42, 28, 41] 
80057 1 [56, 96, 107, 13] 
80061 2 [56, 96, 107, 13] [105, 42, 28, 41] 
80146 1 [56, 96, 107, 13] 
80152 2 [56, 96, 107, 13] [105, 42, 28, 41] 
80344 1 [56, 96, 107, 13] 
80357 2 [56, 96, 107, 13] [105, 42, 28, 41] 
80375 1 [56, 96, 107, 13] 
80383 2 [56, 96, 107, 13] [105, 42, 28, 41] 
80402 1 [56, 96, 107, 13] 
80411 2 [56, 96, 107, 13] [105, 42, 28, 41] 
83689 1 [105, 42, 28, 41] 
83693 2 [56, 96, 107, 13] [105, 42, 28, 41] 
84159 1 [105, 42, 28, 41] 
84163 2 [56, 96, 107, 13] [105, 42, 28, 41] 
87673 1 [105, 42, 28, 41] 
87705 0 
87713 1 [105, 42, 28, 41] 
87732 0 
87752 1 [105, 42, 28, 41] 
91653 0 
91656 1 [105, 42, 28, 41] 
91689 0 
91826 1 [96, 107, 13, 47] 
91944 0 
92130 1 [96, 107, 13, 47] 
92266 0 
92284 1 [96, 107, 13, 47] 
92301 0 
92319 1 [96, 107, 13, 47] 
95637 0 
95655 1 [96, 107, 13, 47] 
95698 0 
95709 1 [96, 107, 13, 47] 
96000 2 [96, 107, 13, 47] [113, 34, 114, 77] 
99656 1 [96, 107, 13, 47] 
99663 0 
99683 1 [96, 107, 13, 47] 
99697 2 [96, 107, 13, 47] [113, 34, 114, 77] 
100115 1 [96, 107, 13, 47] 
100127 2 [96, 107, 13, 47] [113, 34, 114, 77] 
102165 1 [113, 34, 114, 77] 
102171 2 [96, 107, 13, 47] [113, 34, 114, 77] 
103667 1 [96, 107, 13, 47] 
103683 2 [96, 107, 13, 47] [113, 34, 114, 77] 
103688 1 [96, 107, 13, 47] 
103691 2 [96, 107, 13, 47] [113, 34, 114, 77] 
103712 1 [113, 34, 114, 77] 
103722 2 [96, 107, 13, 47] [113, 34, 114, 77] 
103937 1 [96, 107, 13, 47] 
103941 2 [96, 107, 13, 47] [113, 34, 114, 77] 
105047 1 [96, 107, 13, 47] 
105049 2 [96, 107, 13, 47] [113, 34, 114, 77] 
105071 1 [96, 107, 13, 47] 
105075 2 [96, 107, 13, 47] [113, 34, 114, 77] 
107689 1 [96, 107, 13, 47] 
107724 0 
107729 1 [96, 107, 13, 47] 
108000 2 [96, 107, 13, 47] [113, 34, 114, 77] 
111720 1 [96, 107, 13, 47] 
111721 2 [96, 107, 13, 47] [113, 34, 114, 77] 
112533 3 [112, 105, 42, 6] [96, 107, 13, 47] [113, 34, 114, 77] 
115694 1 [96, 107, 13, 47] 
115715 2 [112, 105, 42, 6] [96, 107, 13, 47] 
115739 1 [96, 107, 13, 47] 
115756 2 [112, 105, 42, 6] [96, 107, 13, 47] 
115759 1 [96, 107, 13, 47] 
115766 2 [112, 105, 42, 6] [96, 107, 13, 47] 
119649 1 [112, 105, 42, 6] 
119661 2 [112, 105, 42, 6] [96, 107, 13, 47] 
119723 0 
120000 2 [112, 105, 42, 6] [96, 107, 13, 47] 
123644 1 [96, 107, 13, 47] 
123654 2 [112, 105, 42, 6] [96, 107, 13, 47] 
123710 1 [96, 107, 13, 47] 
123780 0 
123795 1 [96, 107, 13, 47] 
123819 0 
123826 1 [96, 107, 13, 47] 
123829 2 [112, 105, 42, 6] [96, 107, 13, 47] 
123843 1 [96, 107, 13, 47] 
123857 2 [112, 105, 42, 6] [96, 107, 13, 47] 
123872 1 [96, 107, 13, 47] 
123883 2 [112, 105, 42, 6] [96, 107, 13, 47] 
124045 1 [96, 107, 13, 47] 
124050 2 [112, 105, 42, 6] [96, 107, 13, 47] 
124073 1 [96, 107, 13, 47] 
124075 2 [112, 105, 42, 6] [96, 107, 13, 47] 
124096 1 [96, 107, 13, 47] 
124103 2 [112, 105, 42, 6] [96, 107, 13, 47] 
124147 1 [96, 107, 13, 47] 
124154 2 [112, 105, 42, 6] [96, 107, 13, 47] 
124173 1 [96, 107, 13, 47] 
124183 2 [112, 105, 42, 6] [96, 107, 13, 47] 
124201 1 [96, 107, 13, 47] 
124207 2 [112, 105, 42, 6] [96, 107, 13, 47] 
124226 1 [96, 107, 13, 47] 
124233 2 [112, 105, 42, 6] [96, 107, 13, 47] 
127695 1 [96, 107, 13, 47] 
127718 2 [96, 107, 13, 47] [17, 18, 53, 15] 
127719 1 [17, 18, 53, 15] 
127725 0 
127731 1 [17, 18, 53, 15] 
127742 0 
127746 1 [112, 105, 42, 6] 
127761 2 [112, 105, 42, 6] [17, 18, 53, 15] 
127792 1 [112, 105, 42, 6] 
131681 0 
131702 1 [112, 105, 42, 6] 
132000 1 [32, 96, 107, 47] 
135971 2 [32, 96, 107, 47] [72, 106, 109, 93] 
135975 1 [32, 96, 107, 47] 
139640 0 
235776 1 [17, 35, 52, 105] 
235796 0 
244044 1 [64, 110, 70, 15] 
244062 0 
244082 1 [64, 110, 70, 15] 
244086 0 
247787 1 [17, 35, 52, 105] 
251627 0 
251631 1 [17, 35, 52, 105] 
251646 0 
251667 1 [17, 35, 52, 105] 
251680 0 
251683 1 [17, 35, 52, 105] 
251686 0 
251696 1 [17, 35, 52, 105] 
251698 0 
256091 1 [64, 110, 70, 15] 
256096 0 
256113 1 [64, 110, 70, 15] 
256174 0 
271736 1 [47, 28, 109, 93] 
275648 0 
275661 1 [47, 28, 109, 93] 
275685 0 
275704 1 [47, 28, 109, 93] 
279655 0 
279694 1 [47, 28, 109, 93] 
280133 0 
280138 1 [47, 28, 109, 93] 
280151 0 
280156 1 [47, 28, 109, 93] 
287684 0 
287687 1 [47, 28, 109, 93] 
287691 0 
287701 1 [47, 28, 109, 93] 
287702 0 
288000 1 [47, 28, 109, 93] 
291664 0 
291781 1 [47, 28, 109, 93] 
295663 0 
295664 1 [47, 28, 109, 93] 
295680 0 
295687 1 [47, 28, 109, 93] 
299668 0 
303727 1 [16, 113, 108, 72] 
303739 0 
303756 1 [16, 113, 108, 72] 
303771 0 
307826 1 [64, 110, 70, 15] 
311692 0 
311696 1 [64, 110, 70, 15] 
315695 0 
324000 1 [108, 51, 92, 103] 
324005 0 
336000 1 [56, 99, 46, 55] 
339745 2 [92, 37, 102, 103] [56, 99, 46, 55] 
339746 1 [56, 99, 46, 55] 
343628 0 
343634 1 [56, 99, 46, 55] 
347658 0 
347663 1 [56, 99, 46, 55] 
347743 0 
347749 1 [56, 99, 46, 55] 
351717 0 
351728 1 [56, 99, 46, 55] 
355672 2 [64, 104, 70, 15] [56, 99, 46, 55] 
355677 1 [56, 99, 46, 55] 
355696 2 [64, 104, 70, 15] [56, 99, 46, 55] 
355716 1 [64, 104, 70, 15] 
355721 2 [64, 104, 70, 15] [56, 99, 46, 55] 
358016 1 [56, 99, 46, 55] 
358018 2 [64, 104, 70, 15] [56, 99, 46, 55] 
359670 1 [56, 99, 46, 55] 
359675 2 [64, 104, 70, 15] [56, 99, 46, 55] 
359684 1 [56, 99, 46, 55] 
359701 2 [64, 104, 70, 15] [56, 99, 46, 55] 
363666 1 [56, 99, 46, 55] 
363678 2 [64, 104, 70, 15] [56, 99, 46, 55] 
363682 1 [64, 104, 70, 15] 
363702 2 [64, 104, 70, 15] [56, 99, 46, 55] 
363708 1 [64, 104, 70, 15] 
363802 2 [64, 104, 70, 15] [56, 99, 46, 55] 
363855 1 [64, 104, 70, 15] 
363858 2 [64, 104, 70, 15] [56, 99, 46, 55] 
363956 1 [56, 99, 46, 55] 
363961 2 [64, 104, 70, 15] [56, 99, 46, 55] 
363973 1 [56, 99, 46, 55] 
363979 2 [64, 104, 70, 15] [56, 99, 46, 55] 
368054 1 [64, 104, 70, 15] 
368059 2 [64, 104, 70, 15] [56, 99, 46, 55] 
371621 1 [64, 104, 70, 15] 
371658 2 [64, 104, 70, 15] [56, 99, 46, 55] 
371683 1 [56, 99, 46, 55] 
371688 2 [64, 104, 70, 15] [56, 99, 46, 55] 
371726 1 [56, 99, 46, 55] 
371746 2 [112, 20, 69, 23] [56, 99, 46, 55] 
372000 3 [64, 104, 70, 15] [112, 20, 69, 23] [56, 99, 46, 55] 
372187 2 [64, 104, 70, 15] [112, 20, 69, 23] 
372190 3 [64, 104, 70, 15] [112, 20, 69, 23] [56, 99, 46, 55] 
375688 2 [64, 104, 70, 15] [112, 20, 69, 23] 
375694 3 [64, 104, 70, 15] [112, 20, 69, 23] [56, 99, 46, 55] 
375708 2 [112, 20, 69, 23] [56, 99, 46, 55] 
375731 1 [112, 20, 69, 23] 
375753 2 [64, 104, 70, 15] [112, 20, 69, 23] 
375769 1 [112, 20, 69, 23] 
375824 2 [64, 104, 70, 15] [112, 20, 69, 23] 
375968 1 [112, 20, 69, 23] 
379714 0 
379722 1 [112, 20, 69, 23] 
379730 0 
379744 1 [112, 20, 69, 23] 
385500 2 [112, 20, 69, 23] [114, 99, 46, 55] 
387695 1 [112, 20, 69, 23] 
387698 2 [114, 99, 14, 55] [112, 20, 69, 23] 
387700 1 [112, 20, 69, 23] 
387704 2 [114, 99, 46, 14] [112, 20, 69, 23] 
387710 1 [112, 20, 69, 23] 
387719 0 
387727 1 [112, 58, 20, 69] 
387728 0 
387732 1 [112, 20, 69, 23] 
387850 0 
387851 1 [112, 20, 69, 23] 
388012 0 
388020 1 [112, 20, 69, 23] 
388040 0 
388045 1 [112, 20, 69, 23] 
388066 0 
388073 1 [112, 20, 69, 23] 
391679 0 
391706 1 [112, 20, 69, 23] 
391714 0 
391781 1 [112, 20, 69, 23] 
391795 0 
391811 1 [112, 20, 69, 23] 
391824 0 
391842 1 [112, 20, 69, 23] 
391851 0 
403722 1 [41, 74, 109, 49] 
403756 0 
403768 1 [41, 74, 109, 49] 
403786 0 
403792 1 [41, 74, 109, 49] 
403882 0 
403892 1 [41, 74, 109, 49] 
403910 0 
403919 1 [41, 74, 109, 49] 
403965 0 
403970 1 [41, 74, 109, 49] 
403990 0 
403998 1 [41, 74, 109, 49] 
404016 0 
404021 1 [41, 74, 109, 49] 
404042 0 
404044 1 [41, 74, 109, 49] 
404250 0 
404257 1 [41, 74, 109, 49] 
404278 0 
404282 1 [41, 74, 109, 49] 
404303 0 
404312 1 [41, 74, 109, 49] 
404330 0 
404341 1 [41, 74, 109, 49] 
404358 0 
404371 1 [41, 74, 109, 49] 

75791 1 [96, 107, 13, 38] 
80013 1 [56, 96, 107, 13] 
80018 2 [56, 96, 107, 13] [105, 42, 28, 41] 
83689 1 [105, 42, 28, 41] 
91826 1 [96, 107, 13, 47] 
96000 2 [96, 107, 13, 47] [113, 34, 114, 77] 
102165 1 [113, 34, 114, 77] 
112533 3 [112, 105, 42, 6] [96, 107, 13, 47] [113, 34, 114, 77] 
115715 2 [112, 105, 42, 6] [96, 107, 13, 47] 
119649 1 [112, 105, 42, 6] 
127718 2 [96, 107, 13, 47] [17, 18, 53, 15] 
127719 1 [17, 18, 53, 15] 
127761 2 [112, 105, 42, 6] [17, 18, 53, 15] 
132000 1 [32, 96, 107, 47] 
135971 2 [32, 96, 107, 47] [72, 106, 109, 93] 
235776 1 [17, 35, 52, 105] 
244044 1 [64, 110, 70, 15] 
271736 1 [47, 28, 109, 93] 
303727 1 [16, 113, 108, 72] 
324000 1 [108, 51, 92, 103] 
336000 1 [56, 99, 46, 55] 
339745 2 [92, 37, 102, 103] [56, 99, 46, 55] 
355672 2 [64, 104, 70, 15] [56, 99, 46, 55] 
355716 1 [64, 104, 70, 15] 
371746 2 [112, 20, 69, 23] [56, 99, 46, 55] 
372000 3 [64, 104, 70, 15] [112, 20, 69, 23] [56, 99, 46, 55] 
372187 2 [64, 104, 70, 15] [112, 20, 69, 23] 
375731 1 [112, 20, 69, 23] 
385500 2 [112, 20, 69, 23] [114, 99, 46, 55] 
387698 2 [114, 99, 14, 55] [112, 20, 69, 23] 
387704 2 [114, 99, 46, 14] [112, 20, 69, 23] 
387727 1 [112, 58, 20, 69] 
403722 1 [41, 74, 109, 49] 

75791 [96, 107, 13, 38]
80013 [56, 96, 107, 13]
80018 [105, 42, 28, 41]
91826 [96, 107, 13, 47]
96000 [113, 34, 114, 77]
112533 [112, 105, 42, 6]
127718 [17, 18, 53, 15]
132000 [32, 96, 107, 47]
135971 [72, 106, 109, 93]
235776 [17, 35, 52, 105]
244044 [64, 110, 70, 15]
271736 [47, 28, 109, 93]
303727 [16, 113, 108, 72]
324000 [108, 51, 92, 103]
336000 [56, 99, 46, 55]
339745 [92, 37, 102, 103]
355672 [64, 104, 70, 15]
371746 [112, 20, 69, 23]
385500 [114, 99, 46, 55]
387698 [114, 99, 14, 55]
387704 [114, 99, 46, 14]
387727 [112, 58, 20, 69]
403722 [41, 74, 109, 49]

